<?xml version="1.0" encoding="UTF-8"?>
<!-- Generated by org.testng.reporters.JUnitReportReporter -->
<testsuite hostname="LAPTOP-HP22FQ6U" failures="0" tests="6" name="periplusCartTest.tests.ShoppingCartTest" time="46.097" errors="0" timestamp="2024-11-30T00:21:18 ICT" skipped="0">
  <testcase classname="periplusCartTest.tests.ShoppingCartTest" name="testNavigateToHomePage" time="4.559"/>
  <testcase classname="periplusCartTest.tests.ShoppingCartTest" name="testNavigateToSignIn" time="0.343"/>
  <testcase classname="periplusCartTest.tests.ShoppingCartTest" name="testFillLoginForm" time="9.634"/>
  <testcase classname="periplusCartTest.tests.ShoppingCartTest" name="testSearchAndSelectProduct" time="10.795"/>
  <testcase classname="periplusCartTest.tests.ShoppingCartTest" name="testAddProductToCart" time="7.152"/>
  <testcase classname="periplusCartTest.tests.ShoppingCartTest" name="testProductInCart" time="13.614"/>
</testsuite> <!-- periplusCartTest.tests.ShoppingCartTest -->
